c:\users\vaishanavi parodkar\onedrive\desktop\car rental system\car rental\debug\vc143.pdb
c:\users\vaishanavi parodkar\onedrive\desktop\car rental system\car rental\debug\vc143.idb
c:\users\vaishanavi parodkar\onedrive\desktop\car rental system\car rental\debug\car rental.obj
c:\users\vaishanavi parodkar\onedrive\desktop\car rental system\debug\car rental.exe
c:\users\vaishanavi parodkar\onedrive\desktop\car rental system\debug\car rental.pdb
c:\users\vaishanavi parodkar\onedrive\desktop\car rental system\car rental\debug\car rental.ilk
d:\car rental system\car rental\debug\car rental.obj
d:\car rental system\car rental\debug\car rental.ilk
d:\car rental system\car rental\debug\vc143.idb
d:\car rental system\car rental\debug\vc143.pdb
d:\car rental system\debug\car rental.pdb
d:\car rental system\debug\car rental.exe
d:\car rental system\car rental\debug\car rental.tlog\cl.command.1.tlog
d:\car rental system\car rental\debug\car rental.tlog\cl.items.tlog
d:\car rental system\car rental\debug\car rental.tlog\cl.read.1.tlog
d:\car rental system\car rental\debug\car rental.tlog\cl.write.1.tlog
d:\car rental system\car rental\debug\car rental.tlog\link.command.1.tlog
d:\car rental system\car rental\debug\car rental.tlog\link.read.1.tlog
d:\car rental system\car rental\debug\car rental.tlog\link.secondary.1.tlog
d:\car rental system\car rental\debug\car rental.tlog\link.write.1.tlog
